<?xml version="1.0" encoding="UTF-8"?>
<testng-results ignored="0" total="1" passed="1" failed="0" skipped="0">
  <reporter-output>
  </reporter-output>
  <suite started-at="2020-10-23T15:50:54 IST" name="Default suite" finished-at="2020-10-23T15:50:56 IST" duration-ms="2176">
    <groups>
    </groups>
    <test started-at="2020-10-23T15:50:54 IST" name="Default test" finished-at="2020-10-23T15:50:56 IST" duration-ms="2176">
      <class name="com.atmecs.hibernate_one_to_many.cascade_op.ManagerConfig">
        <test-method signature="configuration()[pri:0, instance:com.atmecs.hibernate_one_to_many.cascade_op.ManagerConfig@77167fb7]" started-at="2020-10-23T15:50:54 IST" name="configuration" finished-at="2020-10-23T15:50:56 IST" duration-ms="2144" status="PASS">
          <reporter-output>
          </reporter-output>
        </test-method> <!-- configuration -->
      </class> <!-- com.atmecs.hibernate_one_to_many.cascade_op.ManagerConfig -->
    </test> <!-- Default test -->
  </suite> <!-- Default suite -->
</testng-results>
