<?xml version="1.0" encoding="UTF-8"?>
<testng-results ignored="0" total="1" passed="1" failed="0" skipped="0">
  <reporter-output>
  </reporter-output>
  <suite started-at="2020-10-28T16:00:17 IST" name="Default suite" finished-at="2020-10-28T16:00:31 IST" duration-ms="13720">
    <groups>
    </groups>
    <test started-at="2020-10-28T16:00:17 IST" name="Default test" finished-at="2020-10-28T16:00:31 IST" duration-ms="13720">
      <class name="com.atmecs.hibernate_one_to_one.crud_operations.UpdateRecord">
        <test-method signature="updateRecord()[pri:0, instance:com.atmecs.hibernate_one_to_one.crud_operations.UpdateRecord@23529fee]" started-at="2020-10-28T16:00:17 IST" name="updateRecord" finished-at="2020-10-28T16:00:31 IST" duration-ms="13685" status="PASS">
          <reporter-output>
          </reporter-output>
        </test-method> <!-- updateRecord -->
      </class> <!-- com.atmecs.hibernate_one_to_one.crud_operations.UpdateRecord -->
    </test> <!-- Default test -->
  </suite> <!-- Default suite -->
</testng-results>
